<?xml version="1.0" encoding="UTF-8"?>
<!-- Generated by org.testng.reporters.JUnitReportReporter -->
<testsuite hostname="LAPTOP-9T96KVR7" failures="0" tests="3" name="hemakumar.crossbrowsertest.CrossBrowserParallelTest" time="75.889" errors="0" timestamp="2023-07-09T00:58:12 BST" skipped="0">
  <testcase classname="hemakumar.crossbrowsertest.CrossBrowserParallelTest" name="crossBrowserParallelTest" time="49.411"/>
  <testcase classname="hemakumar.crossbrowsertest.CrossBrowserParallelTest" name="crossBrowserParallelTest" time="17.118"/>
  <testcase classname="hemakumar.crossbrowsertest.CrossBrowserParallelTest" name="crossBrowserParallelTest" time="9.360"/>
</testsuite> <!-- hemakumar.crossbrowsertest.CrossBrowserParallelTest -->
